<?xml version="1.0" encoding="UTF-8"?>
<!-- Generated by org.testng.reporters.JUnitReportReporter -->
<testsuite skipped="0" hostname="DESKTOP-UQ2CK4Q" name="com.TestingGharPe.Testing2" tests="2" failures="0" timestamp="21 Aug 2018 18:16:27 GMT" time="0.006" errors="0">
  <testcase name="test4" time="0.003" classname="com.TestingGharPe.Testing2"/>
  <testcase name="test3" time="0.003" classname="com.TestingGharPe.Testing2"/>
</testsuite> <!-- com.TestingGharPe.Testing2 -->
