<?xml version="1.0" encoding="UTF-8"?>
<!-- Generated by org.testng.reporters.JUnitReportReporter -->
<testsuite skipped="0" hostname="DESKTOP-UQ2CK4Q" name="com.TestingGharPe.Testing1" tests="2" failures="0" timestamp="21 Aug 2018 18:16:27 GMT" time="0.021" errors="0">
  <testcase name="test2" time="0.006" classname="com.TestingGharPe.Testing1"/>
  <testcase name="test1" time="0.015" classname="com.TestingGharPe.Testing1"/>
</testsuite> <!-- com.TestingGharPe.Testing1 -->
